[0.027s] Invoking command in '/home/fede/ros2_ws/src/build/my_tracked_robot_description': CMAKE_PREFIX_PATH=${CMAKE_PREFIX_PATH}:/home/fede/ros2_ws/install/virtual_maize_field:/home/fede/ros2_ws/install/maize_robot_bringup:/opt/ros/humble /usr/bin/cmake /home/fede/ros2_ws/src/my_tracked_robot_description -DCMAKE_INSTALL_PREFIX=/home/fede/ros2_ws/src/install/my_tracked_robot_description
[0.210s] -- The C compiler identification is GNU 11.4.0
[0.824s] -- The CXX compiler identification is GNU 11.4.0
[1.613s] -- Detecting C compiler ABI info
[1.840s] -- Detecting C compiler ABI info - done
[1.847s] -- Check for working C compiler: /usr/bin/cc - skipped
[1.847s] -- Detecting C compile features
[1.848s] -- Detecting C compile features - done
[1.852s] -- Detecting CXX compiler ABI info
[2.054s] -- Detecting CXX compiler ABI info - done
[2.061s] -- Check for working CXX compiler: /usr/bin/c++ - skipped
[2.061s] -- Detecting CXX compile features
[2.061s] -- Detecting CXX compile features - done
[2.064s] -- Found ament_cmake: 1.3.11 (/opt/ros/humble/share/ament_cmake/cmake)
[2.234s] -- Found Python3: /usr/bin/python3 (found version "3.10.12") found components: Interpreter 
[2.327s] -- Found rclcpp: 16.0.12 (/opt/ros/humble/share/rclcpp/cmake)
[2.679s] -- Found rosidl_generator_c: 3.1.6 (/opt/ros/humble/share/rosidl_generator_c/cmake)
[2.684s] -- Found rosidl_adapter: 3.1.6 (/opt/ros/humble/share/rosidl_adapter/cmake)
[2.692s] -- Found rosidl_generator_cpp: 3.1.6 (/opt/ros/humble/share/rosidl_generator_cpp/cmake)
[2.706s] -- Using all available rosidl_typesupport_c: rosidl_typesupport_fastrtps_c;rosidl_typesupport_introspection_c
[2.723s] -- Using all available rosidl_typesupport_cpp: rosidl_typesupport_fastrtps_cpp;rosidl_typesupport_introspection_cpp
[2.769s] -- Found rmw_implementation_cmake: 6.1.2 (/opt/ros/humble/share/rmw_implementation_cmake/cmake)
[2.772s] -- Found rmw_fastrtps_cpp: 6.2.7 (/opt/ros/humble/share/rmw_fastrtps_cpp/cmake)
[6.227s] -- Found OpenSSL: /usr/lib/x86_64-linux-gnu/libcrypto.so (found version "3.0.2")  
[7.888s] -- Found FastRTPS: /opt/ros/humble/include  
[11.406s] -- Using RMW implementation 'rmw_fastrtps_cpp' as default
[11.417s] -- Looking for pthread.h
[11.637s] -- Looking for pthread.h - found
[11.638s] -- Performing Test CMAKE_HAVE_LIBC_PTHREAD
[11.810s] -- Performing Test CMAKE_HAVE_LIBC_PTHREAD - Success
[11.811s] -- Found Threads: TRUE  
[11.862s] -- Found xacro: 2.0.13 (/opt/ros/humble/share/xacro/cmake)
[11.863s] -- Found ament_lint_auto: 0.12.12 (/opt/ros/humble/share/ament_lint_auto/cmake)
[11.940s] -- Added test 'flake8' to check Python code syntax and style conventions
[11.941s] -- Added test 'lint_cmake' to check CMake code style
[11.942s] -- Added test 'pep257' to check Python code against some of the docstring style conventions in PEP 257
[11.943s] -- Added test 'xmllint' to check XML markup files
[11.944s] -- Configuring done
[11.950s] -- Generating done
[11.953s] -- Build files have been written to: /home/fede/ros2_ws/src/build/my_tracked_robot_description
[11.964s] Invoked command in '/home/fede/ros2_ws/src/build/my_tracked_robot_description' returned '0': CMAKE_PREFIX_PATH=${CMAKE_PREFIX_PATH}:/home/fede/ros2_ws/install/virtual_maize_field:/home/fede/ros2_ws/install/maize_robot_bringup:/opt/ros/humble /usr/bin/cmake /home/fede/ros2_ws/src/my_tracked_robot_description -DCMAKE_INSTALL_PREFIX=/home/fede/ros2_ws/src/install/my_tracked_robot_description
[11.966s] Invoking command in '/home/fede/ros2_ws/src/build/my_tracked_robot_description': CMAKE_PREFIX_PATH=${CMAKE_PREFIX_PATH}:/home/fede/ros2_ws/install/virtual_maize_field:/home/fede/ros2_ws/install/maize_robot_bringup:/opt/ros/humble /usr/bin/cmake --build /home/fede/ros2_ws/src/build/my_tracked_robot_description -- -j16 -l16
[12.009s] Invoked command in '/home/fede/ros2_ws/src/build/my_tracked_robot_description' returned '0': CMAKE_PREFIX_PATH=${CMAKE_PREFIX_PATH}:/home/fede/ros2_ws/install/virtual_maize_field:/home/fede/ros2_ws/install/maize_robot_bringup:/opt/ros/humble /usr/bin/cmake --build /home/fede/ros2_ws/src/build/my_tracked_robot_description -- -j16 -l16
[12.019s] Invoking command in '/home/fede/ros2_ws/src/build/my_tracked_robot_description': CMAKE_PREFIX_PATH=${CMAKE_PREFIX_PATH}:/home/fede/ros2_ws/install/virtual_maize_field:/home/fede/ros2_ws/install/maize_robot_bringup:/opt/ros/humble /usr/bin/cmake --install /home/fede/ros2_ws/src/build/my_tracked_robot_description
[12.026s] -- Install configuration: ""
[12.026s] -- Installing: /home/fede/ros2_ws/src/install/my_tracked_robot_description/share/my_tracked_robot_description/launch
[12.026s] -- Installing: /home/fede/ros2_ws/src/install/my_tracked_robot_description/share/my_tracked_robot_description/launch/robot_state_publisher.launch.py
[12.027s] -- Installing: /home/fede/ros2_ws/src/install/my_tracked_robot_description/share/my_tracked_robot_description/urdf
[12.027s] -- Installing: /home/fede/ros2_ws/src/install/my_tracked_robot_description/share/my_tracked_robot_description/urdf/tracked_robot.urdf.xacro
[12.029s] -- Installing: /home/fede/ros2_ws/src/install/my_tracked_robot_description/share/ament_index/resource_index/package_run_dependencies/my_tracked_robot_description
[12.029s] -- Installing: /home/fede/ros2_ws/src/install/my_tracked_robot_description/share/ament_index/resource_index/parent_prefix_path/my_tracked_robot_description
[12.030s] -- Installing: /home/fede/ros2_ws/src/install/my_tracked_robot_description/share/my_tracked_robot_description/environment/ament_prefix_path.sh
[12.030s] -- Installing: /home/fede/ros2_ws/src/install/my_tracked_robot_description/share/my_tracked_robot_description/environment/ament_prefix_path.dsv
[12.030s] -- Installing: /home/fede/ros2_ws/src/install/my_tracked_robot_description/share/my_tracked_robot_description/environment/path.sh
[12.031s] -- Installing: /home/fede/ros2_ws/src/install/my_tracked_robot_description/share/my_tracked_robot_description/environment/path.dsv
[12.031s] -- Installing: /home/fede/ros2_ws/src/install/my_tracked_robot_description/share/my_tracked_robot_description/local_setup.bash
[12.031s] -- Installing: /home/fede/ros2_ws/src/install/my_tracked_robot_description/share/my_tracked_robot_description/local_setup.sh
[12.031s] -- Installing: /home/fede/ros2_ws/src/install/my_tracked_robot_description/share/my_tracked_robot_description/local_setup.zsh
[12.032s] -- Installing: /home/fede/ros2_ws/src/install/my_tracked_robot_description/share/my_tracked_robot_description/local_setup.dsv
[12.032s] -- Installing: /home/fede/ros2_ws/src/install/my_tracked_robot_description/share/my_tracked_robot_description/package.dsv
[12.032s] -- Installing: /home/fede/ros2_ws/src/install/my_tracked_robot_description/share/ament_index/resource_index/packages/my_tracked_robot_description
[12.033s] -- Installing: /home/fede/ros2_ws/src/install/my_tracked_robot_description/share/my_tracked_robot_description/cmake/my_tracked_robot_descriptionConfig.cmake
[12.033s] -- Installing: /home/fede/ros2_ws/src/install/my_tracked_robot_description/share/my_tracked_robot_description/cmake/my_tracked_robot_descriptionConfig-version.cmake
[12.033s] -- Installing: /home/fede/ros2_ws/src/install/my_tracked_robot_description/share/my_tracked_robot_description/package.xml
[12.035s] Invoked command in '/home/fede/ros2_ws/src/build/my_tracked_robot_description' returned '0': CMAKE_PREFIX_PATH=${CMAKE_PREFIX_PATH}:/home/fede/ros2_ws/install/virtual_maize_field:/home/fede/ros2_ws/install/maize_robot_bringup:/opt/ros/humble /usr/bin/cmake --install /home/fede/ros2_ws/src/build/my_tracked_robot_description
