running egg_info
creating ../build/maize_robot_bringup/maize_robot_bringup.egg-info
writing ../build/maize_robot_bringup/maize_robot_bringup.egg-info/PKG-INFO
writing dependency_links to ../build/maize_robot_bringup/maize_robot_bringup.egg-info/dependency_links.txt
writing entry points to ../build/maize_robot_bringup/maize_robot_bringup.egg-info/entry_points.txt
writing requirements to ../build/maize_robot_bringup/maize_robot_bringup.egg-info/requires.txt
writing top-level names to ../build/maize_robot_bringup/maize_robot_bringup.egg-info/top_level.txt
writing manifest file '../build/maize_robot_bringup/maize_robot_bringup.egg-info/SOURCES.txt'
reading manifest file '../build/maize_robot_bringup/maize_robot_bringup.egg-info/SOURCES.txt'
writing manifest file '../build/maize_robot_bringup/maize_robot_bringup.egg-info/SOURCES.txt'
running build
running build_py
creating /home/fede/ros2_ws/src/build/maize_robot_bringup/build
creating /home/fede/ros2_ws/src/build/maize_robot_bringup/build/lib
creating /home/fede/ros2_ws/src/build/maize_robot_bringup/build/lib/maize_robot_bringup
copying maize_robot_bringup/__init__.py -> /home/fede/ros2_ws/src/build/maize_robot_bringup/build/lib/maize_robot_bringup
running install
running install_lib
creating /home/fede/ros2_ws/src/install/maize_robot_bringup/lib/python3.10/site-packages/maize_robot_bringup
copying /home/fede/ros2_ws/src/build/maize_robot_bringup/build/lib/maize_robot_bringup/__init__.py -> /home/fede/ros2_ws/src/install/maize_robot_bringup/lib/python3.10/site-packages/maize_robot_bringup
byte-compiling /home/fede/ros2_ws/src/install/maize_robot_bringup/lib/python3.10/site-packages/maize_robot_bringup/__init__.py to __init__.cpython-310.pyc
running install_data
creating /home/fede/ros2_ws/src/install/maize_robot_bringup/share/ament_index
creating /home/fede/ros2_ws/src/install/maize_robot_bringup/share/ament_index/resource_index
creating /home/fede/ros2_ws/src/install/maize_robot_bringup/share/ament_index/resource_index/packages
copying resource/maize_robot_bringup -> /home/fede/ros2_ws/src/install/maize_robot_bringup/share/ament_index/resource_index/packages
copying package.xml -> /home/fede/ros2_ws/src/install/maize_robot_bringup/share/maize_robot_bringup
creating /home/fede/ros2_ws/src/install/maize_robot_bringup/share/maize_robot_bringup/launch
copying launch/spawn_turtlebot_in_maize.launch.py -> /home/fede/ros2_ws/src/install/maize_robot_bringup/share/maize_robot_bringup/launch
copying launch/spawn_tracked_robot.launch.py -> /home/fede/ros2_ws/src/install/maize_robot_bringup/share/maize_robot_bringup/launch
running install_egg_info
Copying ../build/maize_robot_bringup/maize_robot_bringup.egg-info to /home/fede/ros2_ws/src/install/maize_robot_bringup/lib/python3.10/site-packages/maize_robot_bringup-0.0.0-py3.10.egg-info
running install_scripts
writing list of installed files to '/home/fede/ros2_ws/src/build/maize_robot_bringup/install.log'
